2025-03-21T00:08:03.724+05:30  WARN 63516 --- [ecommerce] [HikariPool-1 housekeeper] com.zaxxer.hikari.pool.HikariPool        : HikariPool-1 - Thread starvation or clock leap detected (housekeeper delta=6m7s812ms).
2025-03-21T00:12:37.117+05:30  WARN 63516 --- [ecommerce] [HikariPool-1 housekeeper] com.zaxxer.hikari.pool.HikariPool        : HikariPool-1 - Thread starvation or clock leap detected (housekeeper delta=4m33s417ms).
2025-03-21T00:13:27.653+05:30  WARN 63516 --- [ecommerce] [HikariPool-1 housekeeper] com.zaxxer.hikari.pool.HikariPool        : HikariPool-1 - Thread starvation or clock leap detected (housekeeper delta=50s534ms).
2025-03-21T00:28:54.928+05:30  WARN 63516 --- [ecommerce] [HikariPool-1 housekeeper] com.zaxxer.hikari.pool.HikariPool        : HikariPool-1 - Thread starvation or clock leap detected (housekeeper delta=15m27s270ms).
2025-03-21T00:30:11.881+05:30  WARN 63516 --- [ecommerce] [HikariPool-1 housekeeper] com.zaxxer.hikari.pool.HikariPool        : HikariPool-1 - Thread starvation or clock leap detected (housekeeper delta=1m16s956ms).
2025-03-21T00:51:47.397+05:30  INFO 63516 --- [ecommerce] [http-nio-8081-exec-1] c.a.ecommerce.controller.UserController  : Request received: Fetching all users.
2025-03-21T00:51:47.443+05:30  INFO 63516 --- [ecommerce] [http-nio-8081-exec-1] com.amit.ecommerce.service.UserService   : Fetching all users...
2025-03-21T00:51:47.952+05:30  INFO 63516 --- [ecommerce] [http-nio-8081-exec-1] com.amit.ecommerce.service.UserService   : Fetched 30 users from database
2025-03-21T00:51:47.954+05:30  INFO 63516 --- [ecommerce] [http-nio-8081-exec-1] c.a.ecommerce.controller.UserController  : Successfully fetched 30 users.
2025-03-21T01:36:46.931+05:30  INFO 63516 --- [ecommerce] [http-nio-8081-exec-3] c.a.ecommerce.controller.UserController  : Request received: Fetching all users.
2025-03-21T01:36:46.944+05:30  INFO 63516 --- [ecommerce] [http-nio-8081-exec-3] com.amit.ecommerce.service.UserService   : Fetching all users...
2025-03-21T01:36:47.147+05:30  INFO 63516 --- [ecommerce] [http-nio-8081-exec-3] com.amit.ecommerce.service.UserService   : Fetched 30 users from database
2025-03-21T01:36:47.147+05:30  INFO 63516 --- [ecommerce] [http-nio-8081-exec-3] c.a.ecommerce.controller.UserController  : Successfully fetched 30 users.
2025-03-21T02:31:30.976+05:30  WARN 63516 --- [ecommerce] [HikariPool-1 housekeeper] com.zaxxer.hikari.pool.HikariPool        : HikariPool-1 - Thread starvation or clock leap detected (housekeeper delta=3m47s973ms).
2025-03-21T04:11:12.382+05:30  WARN 63516 --- [ecommerce] [HikariPool-1 housekeeper] com.zaxxer.hikari.pool.HikariPool        : HikariPool-1 - Thread starvation or clock leap detected (housekeeper delta=18m10s288ms).
2025-03-21T05:41:03.421+05:30  WARN 63516 --- [ecommerce] [HikariPool-1 housekeeper] com.zaxxer.hikari.pool.HikariPool        : HikariPool-1 - Thread starvation or clock leap detected (housekeeper delta=1h29m51s50ms).
2025-03-21T07:56:24.060+05:30  WARN 63516 --- [ecommerce] [HikariPool-1 housekeeper] com.zaxxer.hikari.pool.HikariPool        : HikariPool-1 - Thread starvation or clock leap detected (housekeeper delta=2h15m20s637ms).
2025-03-21T09:58:28.013+05:30  WARN 63516 --- [ecommerce] [HikariPool-1 housekeeper] com.zaxxer.hikari.pool.HikariPool        : HikariPool-1 - Thread starvation or clock leap detected (housekeeper delta=2h2m3s959ms).
2025-03-21T12:00:25.391+05:30  WARN 63516 --- [ecommerce] [HikariPool-1 housekeeper] com.zaxxer.hikari.pool.HikariPool        : HikariPool-1 - Thread starvation or clock leap detected (housekeeper delta=2h1m57s378ms).
2025-03-21T12:27:07.727+05:30  WARN 63516 --- [ecommerce] [HikariPool-1 housekeeper] com.zaxxer.hikari.pool.HikariPool        : HikariPool-1 - Thread starvation or clock leap detected (housekeeper delta=26m42s330ms).
2025-03-21T13:36:01.015+05:30  WARN 63516 --- [ecommerce] [HikariPool-1 housekeeper] com.zaxxer.hikari.pool.HikariPool        : HikariPool-1 - Thread starvation or clock leap detected (housekeeper delta=2m22s686ms).
2025-03-21T13:43:34.711+05:30  WARN 63516 --- [ecommerce] [HikariPool-1 housekeeper] com.zaxxer.hikari.pool.HikariPool        : HikariPool-1 - Thread starvation or clock leap detected (housekeeper delta=7m33s700ms).
2025-03-21T16:39:15.270+05:30  WARN 63516 --- [ecommerce] [HikariPool-1 housekeeper] com.zaxxer.hikari.pool.HikariPool        : HikariPool-1 - Thread starvation or clock leap detected (housekeeper delta=7m57s370ms).
2025-03-21T16:42:14.394+05:30  WARN 63516 --- [ecommerce] [HikariPool-1 housekeeper] com.zaxxer.hikari.pool.HikariPool        : HikariPool-1 - Thread starvation or clock leap detected (housekeeper delta=2m59s142ms).
2025-03-21T16:42:20.201+05:30  INFO 63516 --- [ecommerce] [http-nio-8081-exec-9] c.a.ecommerce.controller.UserController  : Request received: Fetching all users.
2025-03-21T16:42:20.215+05:30  INFO 63516 --- [ecommerce] [http-nio-8081-exec-9] com.amit.ecommerce.service.UserService   : Fetching all users...
2025-03-21T16:42:20.989+05:30  INFO 63516 --- [ecommerce] [http-nio-8081-exec-9] com.amit.ecommerce.service.UserService   : Fetched 30 users from database
2025-03-21T16:42:20.991+05:30  INFO 63516 --- [ecommerce] [http-nio-8081-exec-9] c.a.ecommerce.controller.UserController  : Successfully fetched 30 users.
2025-03-21T16:43:06.730+05:30  WARN 63516 --- [ecommerce] [HikariPool-1 housekeeper] com.zaxxer.hikari.pool.HikariPool        : HikariPool-1 - Thread starvation or clock leap detected (housekeeper delta=52s328ms).
2025-03-21T16:46:46.620+05:30  INFO 63516 --- [ecommerce] [SpringApplicationShutdownHook] o.s.b.w.e.tomcat.GracefulShutdown        : Commencing graceful shutdown. Waiting for active requests to complete
2025-03-21T16:46:46.665+05:30  INFO 63516 --- [ecommerce] [tomcat-shutdown] o.s.b.w.e.tomcat.GracefulShutdown        : Graceful shutdown complete
2025-03-21T16:46:46.729+05:30  INFO 63516 --- [ecommerce] [SpringApplicationShutdownHook] j.LocalContainerEntityManagerFactoryBean : Closing JPA EntityManagerFactory for persistence unit 'default'
2025-03-21T16:46:46.870+05:30  WARN 63516 --- [ecommerce] [SpringApplicationShutdownHook] o.s.b.f.support.DisposableBeanAdapter    : Invocation of destroy method failed on bean with name 'inMemoryDatabaseShutdownExecutor': org.h2.jdbc.JdbcSQLNonTransientConnectionException: Database is already closed (to disable automatic closing at VM shutdown, add ";DB_CLOSE_ON_EXIT=FALSE" to the db URL) [90121-232]
2025-03-21T16:46:46.872+05:30  INFO 63516 --- [ecommerce] [SpringApplicationShutdownHook] com.zaxxer.hikari.HikariDataSource       : HikariPool-1 - Shutdown initiated...
2025-03-21T16:46:46.880+05:30  INFO 63516 --- [ecommerce] [SpringApplicationShutdownHook] com.zaxxer.hikari.HikariDataSource       : HikariPool-1 - Shutdown completed.
